c:\github\study\2019\kursach\stp_parser\stp_parser\x64\debug\vc142.pdb
c:\github\study\2019\kursach\stp_parser\stp_parser\x64\debug\vc142.idb
c:\github\study\2019\kursach\stp_parser\stp_parser\x64\debug\toroidal_surface.obj
c:\github\study\2019\kursach\stp_parser\stp_parser\x64\debug\support_class.obj
c:\github\study\2019\kursach\stp_parser\stp_parser\x64\debug\main.obj
c:\github\study\2019\kursach\stp_parser\stp_parser\x64\debug\spherical_surface.obj
c:\github\study\2019\kursach\stp_parser\stp_parser\x64\debug\file_handler.obj
c:\github\study\2019\kursach\stp_parser\stp_parser\x64\debug\cylindrical_surface.obj
c:\github\study\2019\kursach\stp_parser\stp_parser\x64\debug\conical_surface.obj
c:\github\study\2019\kursach\stp_parser\stp_parser\x64\debug\closed_shell.obj
c:\github\study\2019\kursach\stp_parser\stp_parser\x64\debug\b_spline_surface.obj
c:\github\study\2019\kursach\stp_parser\stp_parser\x64\debug\axis2_placement_3d.obj
c:\github\study\2019\kursach\stp_parser\stp_parser\x64\debug\advanced_face.obj
c:\github\study\2019\kursach\stp_parser\x64\debug\stp_parser.exe
c:\github\study\2019\kursach\stp_parser\x64\debug\stp_parser.ilk
c:\github\study\2019\kursach\stp_parser\x64\debug\stp_parser.pdb
c:\github\study\2019\kursach\stp_parser\stp_parser\x64\debug\stp_parser.tlog\cl.command.1.tlog
c:\github\study\2019\kursach\stp_parser\stp_parser\x64\debug\stp_parser.tlog\cl.read.1.tlog
c:\github\study\2019\kursach\stp_parser\stp_parser\x64\debug\stp_parser.tlog\cl.write.1.tlog
c:\github\study\2019\kursach\stp_parser\stp_parser\x64\debug\stp_parser.tlog\link.command.1.tlog
c:\github\study\2019\kursach\stp_parser\stp_parser\x64\debug\stp_parser.tlog\link.read.1.tlog
c:\github\study\2019\kursach\stp_parser\stp_parser\x64\debug\stp_parser.tlog\link.write.1.tlog
